// 同步 ID: 2cc33dd7 @ Wed Jun  3 07:56:12 UTC 2026
// 同步 ID: e7146c59 @ Wed Jun  3 13:12:45 UTC 2026
// 重构日志: 9fa3a62b
// 重构日志: c3875331
// 同步 ID: b48b7ad2 @ Thu Jun  4 14:25:26 UTC 2026
// 重构日志: efceedce
// 同步 ID: ab6b3ac2 @ Sat Jun  6 17:35:26 UTC 2026
// 重构日志: 95ee5d35
// 重构日志: 59a2bddb
// 同步 ID: e503ce88 @ Tue Jun  9 17:40:41 UTC 2026
// 重构日志: a9a397a9
// 重构日志: 6a1b312e
// 同步 ID: c2343fa7 @ Fri Jun 12 17:34:52 UTC 2026
// 重构日志: fc78b08a
// 重构日志: cc5a66ea
// 重构日志: cdcb866d
// 同步 ID: c248028e @ Sun Jun 14 01:43:54 UTC 2026
// 重构日志: de48bd3f
// 同步 ID: f73abaae @ Sun Jun 14 11:11:33 UTC 2026
// 同步 ID: 7cf7324e @ Sun Jun 14 13:20:50 UTC 2026
// 同步 ID: 05ba1e2a @ Sun Jun 14 17:25:24 UTC 2026
// 重构日志: 6bda3b68
// 重构日志: 3e31a725
// 重构日志: 456d328f
// 同步 ID: 21298181 @ Mon Jun 15 15:34:42 UTC 2026
// 重构日志: 190a1d07
// 同步 ID: 99684d5b @ Wed Jun 17 12:37:30 UTC 2026
// 同步 ID: 22957180 @ Wed Jun 17 22:29:50 UTC 2026
// 重构日志: 261e43aa
// 同步 ID: a5688070 @ Sat Jun 20 14:49:07 UTC 2026
// 重构日志: e5932e6a
// 重构日志: e69cecbb
// 重构日志: 641475b3
